#
# A fatal error has been detected by the Java Runtime Environment:
#
#  SIGBUS (0xa) at pc=0x00007fff518f0f49, pid=1353, tid=0x0000000000003c07
#
# JRE version: Java(TM) SE Runtime Environment (8.0_161-b12) (build 1.8.0_161-b12)
# Java VM: Java HotSpot(TM) 64-Bit Server VM (25.161-b12 mixed mode bsd-amd64 compressed oops)
# Problematic frame:
# C  [libsystem_platform.dylib+0x4f49]  _platform_memmove$VARIANT$Haswell+0x29
#
# Failed to write core dump. Core dumps have been disabled. To enable core dumping, try "ulimit -c unlimited" before starting Java again
#
# If you would like to submit a bug report, please visit:
#   http://bugreport.java.com/bugreport/crash.jsp
# The crash happened outside the Java Virtual Machine in native code.
# See problematic frame for where to report the bug.
#

---------------  T H R E A D  ---------------

Current thread (0x00007fa4f2c60000):  JavaThread "play-dev-mode-akka.actor.default-dispatcher-6" [_thread_in_native, id=15367, stack(0x000070000eaaa000,0x000070000ebaa000)]

siginfo: si_signo: 10 (SIGBUS), si_code: 2 (BUS_ADRERR), si_addr: 0x00000001210b5000

Registers:
RAX=0x00007fa4f0c7f800, RBX=0x00000001210b4279, RCX=0x0000000000005e0a, RDX=0x0000000000006b63
RSP=0x000070000eba6d70, RBP=0x000070000eba6d70, RSI=0x00000001210b5000, RDI=0x00007fa4f0c80559
R8 =0x0000000000000000, R9 =0x000000000000800b, R10=0x0000000000000000, R11=0x00007fa3cfbcb559
R12=0x000000006d617266, R13=0x000000000a031402, R14=0x0000000061702f65, R15=0x0000000000006761
RIP=0x00007fff518f0f49, EFLAGS=0x0000000000010206, ERR=0x0000000000000004
  TRAPNO=0x000000000000000e

Top of Stack: (sp=0x000070000eba6d70)
0x000070000eba6d70:   000070000eba6de0 000000010f1d1006
0x000070000eba6d80:   0000006100000000 0000000000000067
0x000070000eba6d90:   0000000000002e65 00007fa4f0c7f800
0x000070000eba6da0:   0000000000006b63 00007fa4f4f283a0
0x000070000eba6db0:   00007fa4f5784dd0 00007fa4f4f283a0
0x000070000eba6dc0:   00007fa4f4f28540 00000000000000a0
0x000070000eba6dd0:   00000000830d2646 00007fa4f4f28a00
0x000070000eba6de0:   000070000eba6e40 000000010f1d152d
0x000070000eba6df0:   000070000eba6e8e 000070000eba6e8d
0x000070000eba6e00:   0000002e00000000 0000002f01c60000
0x000070000eba6e10:   000070000eba6e5e 000070000eba72a8
0x000070000eba6e20:   000000000000002f 000070000eba6e5e
0x000070000eba6e30:   00007fa4f4f283a0 00007fa4f2c601f8
0x000070000eba6e40:   000070000eba7290 000000010f1d0238
0x000070000eba6e50:   00007fa4f2c60000 6f63000100000001
0x000070000eba6e60:   6562726168702f6d 65747461702f7372
0x000070000eba6e70:   6c75646f6d2f6e72 75646f4d68502f65
0x000070000eba6e80:   2e646e694273656c 0000007373616c63
0x000070000eba6e90:   000070000eba6fd0 0000000000000001
0x000070000eba6ea0:   0000000000000000 0000000000000000
0x000070000eba6eb0:   000000011001a7da 0000000000000000
0x000070000eba6ec0:   000000000000003c 00007fff516768ac
0x000070000eba6ed0:   000070000eba7250 00007fff51676770
0x000070000eba6ee0:   000000010ffec931 00007fff8a0d46b8
0x000070000eba6ef0:   0000000000000005 0000000000000000
0x000070000eba6f00:   000070000eba7280 00007fff51676770
0x000070000eba6f10:   000070000eba6f20 0000000000000000
0x000070000eba6f20:   0000000000000001 0000000000000000
0x000070000eba6f30:   000070000eba72b0 000070000eba7358
0x000070000eba6f40:   00007fff516b4019 0000840023f56cc8
0x000070000eba6f50:   0000000000000000 0000000000000001
0x000070000eba6f60:   0000000000000001 000000011001a7d8 

Instructions: (pc=0x00007fff518f0f49)
0x00007fff518f0f29:   f3 48 89 f8 49 39 d3 72 1b 48 83 fa 60 76 2f 48
0x00007fff518f0f39:   81 fa 00 40 00 00 0f 82 cb 00 00 00 48 89 d1 fc
0x00007fff518f0f49:   f3 a4 5d c3 48 39 fe 74 f9 48 01 d6 48 01 d7 48
0x00007fff518f0f59:   83 fa 60 0f 82 8c 01 00 00 e9 a9 01 00 00 48 83 

Register to memory mapping:

RAX=0x00007fa4f0c7f800 is an unknown value
RBX=0x00000001210b4279 is an unknown value
RCX=0x0000000000005e0a is an unknown value
RDX=0x0000000000006b63 is an unknown value
RSP=0x000070000eba6d70 is pointing into the stack for thread: 0x00007fa4f2c60000
RBP=0x000070000eba6d70 is pointing into the stack for thread: 0x00007fa4f2c60000
RSI=0x00000001210b5000 is an unknown value
RDI=0x00007fa4f0c80559 is an unknown value
R8 =0x0000000000000000 is an unknown value
R9 =0x000000000000800b is an unknown value
R10=0x0000000000000000 is an unknown value
R11=0x00007fa3cfbcb559 is an unknown value
R12=0x000000006d617266 is an unknown value
R13=0x000000000a031402 is an unknown value
R14=0x0000000061702f65 is an unknown value
R15=0x0000000000006761 is an unknown value


Stack: [0x000070000eaaa000,0x000070000ebaa000],  sp=0x000070000eba6d70,  free space=1011k
Native frames: (J=compiled Java code, j=interpreted, Vv=VM code, C=native code)
C  [libsystem_platform.dylib+0x4f49]  _platform_memmove$VARIANT$Haswell+0x29
C  [libzip.dylib+0x3006]  newEntry+0x2c8
C  [libzip.dylib+0x352d]  ZIP_GetEntry2+0xd4
C  [libzip.dylib+0x2238]  Java_java_util_zip_ZipFile_getEntry+0xcf
J 107  java.util.zip.ZipFile.getEntry(J[BZ)J (0 bytes) @ 0x0000000110b3370e [0x0000000110b33640+0xce]
J 9646 C2 java.util.jar.JarFile.getEntry(Ljava/lang/String;)Ljava/util/zip/ZipEntry; (22 bytes) @ 0x00000001116f870c [0x00000001116f8380+0x38c]
J 3808 C2 sun.misc.URLClassPath$JarLoader.getResource(Ljava/lang/String;Z)Lsun/misc/Resource; (85 bytes) @ 0x0000000110b01b9c [0x0000000110b01960+0x23c]
J 9904 C2 sun.misc.URLClassPath.getResource(Ljava/lang/String;Z)Lsun/misc/Resource; (83 bytes) @ 0x0000000111ec22b0 [0x0000000111ec21c0+0xf0]
J 24989 C1 java.net.URLClassLoader$1.run()Ljava/lang/Class; (63 bytes) @ 0x00000001129fe9ac [0x00000001129fe7a0+0x20c]
J 5350 C2 java.net.URLClassLoader$1.run()Ljava/lang/Object; (5 bytes) @ 0x00000001114879d4 [0x00000001114879a0+0x34]
v  ~StubRoutines::call_stub
V  [libjvm.dylib+0x2ef9aa]
V  [libjvm.dylib+0x35019c]
J 136  java.security.AccessController.doPrivileged(Ljava/security/PrivilegedExceptionAction;Ljava/security/AccessControlContext;)Ljava/lang/Object; (0 bytes) @ 0x0000000110b41b95 [0x0000000110b41ac0+0xd5]
J 13451 C2 java.net.URLClassLoader.findClass(Ljava/lang/String;)Ljava/lang/Class; (47 bytes) @ 0x00000001120b1ac8 [0x00000001120b1a20+0xa8]
J 13603 C2 java.lang.ClassLoader.loadClass(Ljava/lang/String;Z)Ljava/lang/Class; (122 bytes) @ 0x000000011274e114 [0x000000011274dd20+0x3f4]
J 13603 C2 java.lang.ClassLoader.loadClass(Ljava/lang/String;Z)Ljava/lang/Class; (122 bytes) @ 0x000000011274e00c [0x000000011274dd20+0x2ec]
J 13603 C2 java.lang.ClassLoader.loadClass(Ljava/lang/String;Z)Ljava/lang/Class; (122 bytes) @ 0x000000011274e00c [0x000000011274dd20+0x2ec]
J 7808 C2 java.lang.ClassLoader.loadClass(Ljava/lang/String;)Ljava/lang/Class; (7 bytes) @ 0x00000001112df1bc [0x00000001112df160+0x5c]
j  play.api.inject.Modules$$anonfun$locate$1$$anonfun$apply$1.apply()Ljava/lang/Class;+14
j  play.api.inject.Modules$$anonfun$locate$1$$anonfun$apply$1.apply()Ljava/lang/Object;+1
j  play.api.inject.Modules$.play$api$inject$Modules$$constructModule(Lplay/api/Environment;Lplay/api/Configuration;Ljava/lang/String;Lscala/Function0;)Ljava/lang/Object;+2
j  play.api.inject.Modules$$anonfun$locate$1.apply(Ljava/lang/String;)Ljava/lang/Object;+21
j  play.api.inject.Modules$$anonfun$locate$1.apply(Ljava/lang/Object;)Ljava/lang/Object;+5
j  scala.collection.TraversableLike$$anonfun$map$1.apply(Ljava/lang/Object;)Lscala/collection/mutable/Builder;+9
j  scala.collection.TraversableLike$$anonfun$map$1.apply(Ljava/lang/Object;)Ljava/lang/Object;+2
j  scala.collection.immutable.HashSet$HashSet1.foreach(Lscala/Function1;)V+5
j  scala.collection.immutable.HashSet$HashTrieSet.foreach(Lscala/Function1;)V+18
j  scala.collection.TraversableLike$class.map(Lscala/collection/TraversableLike;Lscala/Function1;Lscala/collection/generic/CanBuildFrom;)Ljava/lang/Object;+17
j  scala.collection.AbstractSet.scala$collection$SetLike$$super$map(Lscala/Function1;Lscala/collection/generic/CanBuildFrom;)Ljava/lang/Object;+3
j  scala.collection.SetLike$class.map(Lscala/collection/SetLike;Lscala/Function1;Lscala/collection/generic/CanBuildFrom;)Ljava/lang/Object;+3
j  scala.collection.AbstractSet.map(Lscala/Function1;Lscala/collection/generic/CanBuildFrom;)Ljava/lang/Object;+3
j  play.api.inject.Modules$.locate(Lplay/api/Environment;Lplay/api/Configuration;)Lscala/collection/Seq;+157
j  play.api.inject.guice.GuiceableModule$.loadModules(Lplay/api/Environment;Lplay/api/Configuration;)Lscala/collection/Seq;+5
j  play.api.inject.guice.GuiceApplicationBuilder$$anonfun$$lessinit$greater$default$9$1.apply(Lplay/api/Environment;Lplay/api/Configuration;)Lscala/collection/Seq;+5
j  play.api.inject.guice.GuiceApplicationBuilder$$anonfun$$lessinit$greater$default$9$1.apply(Ljava/lang/Object;Ljava/lang/Object;)Ljava/lang/Object;+9
j  play.api.inject.guice.GuiceApplicationBuilder.applicationModule()Lcom/google/inject/Module;+41
j  play.api.inject.guice.GuiceBuilder.injector()Lplay/api/inject/Injector;+61
j  play.api.inject.guice.GuiceApplicationBuilder.build()Lplay/api/Application;+1
j  play.api.inject.guice.GuiceApplicationLoader.load(Lplay/api/ApplicationLoader$Context;)Lplay/api/Application;+5
j  play.core.server.DevServerStart$$anonfun$mainDev$1$$anon$1$$anonfun$1.apply()Lplay/api/Application;+47
j  play.core.server.DevServerStart$$anonfun$mainDev$1$$anon$1$$anonfun$1.apply()Ljava/lang/Object;+1
j  play.utils.Threads$.withContextClassLoader(Ljava/lang/ClassLoader;Lscala/Function0;)Ljava/lang/Object;+16
j  play.core.server.DevServerStart$$anonfun$mainDev$1$$anon$1.reload(Ljava/lang/ClassLoader;)Lscala/util/Try;+160
j  play.core.server.DevServerStart$$anonfun$mainDev$1$$anon$1.get()Lscala/util/Try;+33
j  play.core.server.AkkaHttpServer.play$core$server$AkkaHttpServer$$handleRequest(Lakka/http/scaladsl/model/HttpRequest;Z)Lscala/concurrent/Future;+4
j  play.core.server.AkkaHttpServer$$anonfun$4.apply(Lakka/http/scaladsl/model/HttpRequest;)Lscala/concurrent/Future;+15
j  play.core.server.AkkaHttpServer$$anonfun$4.apply(Ljava/lang/Object;)Ljava/lang/Object;+5
j  akka.stream.impl.fusing.MapAsync$$anon$25.onPush()V+18
j  akka.stream.impl.fusing.GraphInterpreter.processPush(Lakka/stream/impl/fusing/GraphInterpreter$Connection;)V+22
j  akka.stream.impl.fusing.GraphInterpreter.processEvent(Lakka/stream/impl/fusing/GraphInterpreter$Connection;)V+20
j  akka.stream.impl.fusing.GraphInterpreter.execute(I)I+158
j  akka.stream.impl.fusing.GraphInterpreterShell.runBatch(I)I+27
j  akka.stream.impl.fusing.GraphInterpreterShell$AsyncInput.execute(I)I+77
j  akka.stream.impl.fusing.GraphInterpreterShell.processEvent(Lakka/stream/impl/fusing/ActorGraphInterpreter$BoundaryEvent;I)I+7
j  akka.stream.impl.fusing.ActorGraphInterpreter.akka$stream$impl$fusing$ActorGraphInterpreter$$processEvent(Lakka/stream/impl/fusing/ActorGraphInterpreter$BoundaryEvent;)V+36
j  akka.stream.impl.fusing.ActorGraphInterpreter$$anonfun$receive$1.applyOrElse(Ljava/lang/Object;Lscala/Function1;)Ljava/lang/Object;+35
j  akka.actor.Actor$class.aroundReceive(Lakka/actor/Actor;Lscala/PartialFunction;Ljava/lang/Object;)V+8
j  akka.stream.impl.fusing.ActorGraphInterpreter.aroundReceive(Lscala/PartialFunction;Ljava/lang/Object;)V+3
j  akka.actor.ActorCell.receiveMessage(Ljava/lang/Object;)V+15
j  akka.actor.ActorCell.invoke(Lakka/dispatch/Envelope;)V+59
j  akka.dispatch.Mailbox.processMailbox(IJ)V+24
j  akka.dispatch.Mailbox.run()V+20
j  akka.dispatch.Mailbox.exec()Z+1
j  akka.dispatch.forkjoin.ForkJoinTask.doExec()I+10
j  akka.dispatch.forkjoin.ForkJoinPool$WorkQueue.runTask(Lakka/dispatch/forkjoin/ForkJoinTask;)V+10
j  akka.dispatch.forkjoin.ForkJoinPool.runWorker(Lakka/dispatch/forkjoin/ForkJoinPool$WorkQueue;)V+11
j  akka.dispatch.forkjoin.ForkJoinWorkerThread.run()V+14
v  ~StubRoutines::call_stub
V  [libjvm.dylib+0x2ef9aa]
V  [libjvm.dylib+0x2f014e]
V  [libjvm.dylib+0x2f02fa]
V  [libjvm.dylib+0x34aae5]
V  [libjvm.dylib+0x56edef]
V  [libjvm.dylib+0x5704ea]
V  [libjvm.dylib+0x48d83a]
C  [libsystem_pthread.dylib+0x3661]  _pthread_body+0x154
C  [libsystem_pthread.dylib+0x350d]  _pthread_body+0x0
C  [libsystem_pthread.dylib+0x2bf9]  thread_start+0xd
C  0x0000000000000000

Java frames: (J=compiled Java code, j=interpreted, Vv=VM code)
J 107  java.util.zip.ZipFile.getEntry(J[BZ)J (0 bytes) @ 0x0000000110b33698 [0x0000000110b33640+0x58]
J 9646 C2 java.util.jar.JarFile.getEntry(Ljava/lang/String;)Ljava/util/zip/ZipEntry; (22 bytes) @ 0x00000001116f870c [0x00000001116f8380+0x38c]
J 3808 C2 sun.misc.URLClassPath$JarLoader.getResource(Ljava/lang/String;Z)Lsun/misc/Resource; (85 bytes) @ 0x0000000110b01b9c [0x0000000110b01960+0x23c]
J 9904 C2 sun.misc.URLClassPath.getResource(Ljava/lang/String;Z)Lsun/misc/Resource; (83 bytes) @ 0x0000000111ec22b0 [0x0000000111ec21c0+0xf0]
J 24989 C1 java.net.URLClassLoader$1.run()Ljava/lang/Class; (63 bytes) @ 0x00000001129fe9ac [0x00000001129fe7a0+0x20c]
J 5350 C2 java.net.URLClassLoader$1.run()Ljava/lang/Object; (5 bytes) @ 0x00000001114879d4 [0x00000001114879a0+0x34]
v  ~StubRoutines::call_stub
J 136  java.security.AccessController.doPrivileged(Ljava/security/PrivilegedExceptionAction;Ljava/security/AccessControlContext;)Ljava/lang/Object; (0 bytes) @ 0x0000000110b41b23 [0x0000000110b41ac0+0x63]
J 13451 C2 java.net.URLClassLoader.findClass(Ljava/lang/String;)Ljava/lang/Class; (47 bytes) @ 0x00000001120b1ac8 [0x00000001120b1a20+0xa8]
J 13603 C2 java.lang.ClassLoader.loadClass(Ljava/lang/String;Z)Ljava/lang/Class; (122 bytes) @ 0x000000011274e114 [0x000000011274dd20+0x3f4]
J 13603 C2 java.lang.ClassLoader.loadClass(Ljava/lang/String;Z)Ljava/lang/Class; (122 bytes) @ 0x000000011274e00c [0x000000011274dd20+0x2ec]
J 13603 C2 java.lang.ClassLoader.loadClass(Ljava/lang/String;Z)Ljava/lang/Class; (122 bytes) @ 0x000000011274e00c [0x000000011274dd20+0x2ec]
J 7808 C2 java.lang.ClassLoader.loadClass(Ljava/lang/String;)Ljava/lang/Class; (7 bytes) @ 0x00000001112df1bc [0x00000001112df160+0x5c]
j  play.api.inject.Modules$$anonfun$locate$1$$anonfun$apply$1.apply()Ljava/lang/Class;+14
j  play.api.inject.Modules$$anonfun$locate$1$$anonfun$apply$1.apply()Ljava/lang/Object;+1
j  play.api.inject.Modules$.play$api$inject$Modules$$constructModule(Lplay/api/Environment;Lplay/api/Configuration;Ljava/lang/String;Lscala/Function0;)Ljava/lang/Object;+2
j  play.api.inject.Modules$$anonfun$locate$1.apply(Ljava/lang/String;)Ljava/lang/Object;+21
j  play.api.inject.Modules$$anonfun$locate$1.apply(Ljava/lang/Object;)Ljava/lang/Object;+5
j  scala.collection.TraversableLike$$anonfun$map$1.apply(Ljava/lang/Object;)Lscala/collection/mutable/Builder;+9
j  scala.collection.TraversableLike$$anonfun$map$1.apply(Ljava/lang/Object;)Ljava/lang/Object;+2
j  scala.collection.immutable.HashSet$HashSet1.foreach(Lscala/Function1;)V+5
j  scala.collection.immutable.HashSet$HashTrieSet.foreach(Lscala/Function1;)V+18
j  scala.collection.TraversableLike$class.map(Lscala/collection/TraversableLike;Lscala/Function1;Lscala/collection/generic/CanBuildFrom;)Ljava/lang/Object;+17
j  scala.collection.AbstractSet.scala$collection$SetLike$$super$map(Lscala/Function1;Lscala/collection/generic/CanBuildFrom;)Ljava/lang/Object;+3
j  scala.collection.SetLike$class.map(Lscala/collection/SetLike;Lscala/Function1;Lscala/collection/generic/CanBuildFrom;)Ljava/lang/Object;+3
j  scala.collection.AbstractSet.map(Lscala/Function1;Lscala/collection/generic/CanBuildFrom;)Ljava/lang/Object;+3
j  play.api.inject.Modules$.locate(Lplay/api/Environment;Lplay/api/Configuration;)Lscala/collection/Seq;+157
j  play.api.inject.guice.GuiceableModule$.loadModules(Lplay/api/Environment;Lplay/api/Configuration;)Lscala/collection/Seq;+5
j  play.api.inject.guice.GuiceApplicationBuilder$$anonfun$$lessinit$greater$default$9$1.apply(Lplay/api/Environment;Lplay/api/Configuration;)Lscala/collection/Seq;+5
j  play.api.inject.guice.GuiceApplicationBuilder$$anonfun$$lessinit$greater$default$9$1.apply(Ljava/lang/Object;Ljava/lang/Object;)Ljava/lang/Object;+9
j  play.api.inject.guice.GuiceApplicationBuilder.applicationModule()Lcom/google/inject/Module;+41
j  play.api.inject.guice.GuiceBuilder.injector()Lplay/api/inject/Injector;+61
j  play.api.inject.guice.GuiceApplicationBuilder.build()Lplay/api/Application;+1
j  play.api.inject.guice.GuiceApplicationLoader.load(Lplay/api/ApplicationLoader$Context;)Lplay/api/Application;+5
j  play.core.server.DevServerStart$$anonfun$mainDev$1$$anon$1$$anonfun$1.apply()Lplay/api/Application;+47
j  play.core.server.DevServerStart$$anonfun$mainDev$1$$anon$1$$anonfun$1.apply()Ljava/lang/Object;+1
j  play.utils.Threads$.withContextClassLoader(Ljava/lang/ClassLoader;Lscala/Function0;)Ljava/lang/Object;+16
j  play.core.server.DevServerStart$$anonfun$mainDev$1$$anon$1.reload(Ljava/lang/ClassLoader;)Lscala/util/Try;+160
j  play.core.server.DevServerStart$$anonfun$mainDev$1$$anon$1.get()Lscala/util/Try;+33
j  play.core.server.AkkaHttpServer.play$core$server$AkkaHttpServer$$handleRequest(Lakka/http/scaladsl/model/HttpRequest;Z)Lscala/concurrent/Future;+4
j  play.core.server.AkkaHttpServer$$anonfun$4.apply(Lakka/http/scaladsl/model/HttpRequest;)Lscala/concurrent/Future;+15
j  play.core.server.AkkaHttpServer$$anonfun$4.apply(Ljava/lang/Object;)Ljava/lang/Object;+5
j  akka.stream.impl.fusing.MapAsync$$anon$25.onPush()V+18
j  akka.stream.impl.fusing.GraphInterpreter.processPush(Lakka/stream/impl/fusing/GraphInterpreter$Connection;)V+22
j  akka.stream.impl.fusing.GraphInterpreter.processEvent(Lakka/stream/impl/fusing/GraphInterpreter$Connection;)V+20
j  akka.stream.impl.fusing.GraphInterpreter.execute(I)I+158
j  akka.stream.impl.fusing.GraphInterpreterShell.runBatch(I)I+27
j  akka.stream.impl.fusing.GraphInterpreterShell$AsyncInput.execute(I)I+77
j  akka.stream.impl.fusing.GraphInterpreterShell.processEvent(Lakka/stream/impl/fusing/ActorGraphInterpreter$BoundaryEvent;I)I+7
j  akka.stream.impl.fusing.ActorGraphInterpreter.akka$stream$impl$fusing$ActorGraphInterpreter$$processEvent(Lakka/stream/impl/fusing/ActorGraphInterpreter$BoundaryEvent;)V+36
j  akka.stream.impl.fusing.ActorGraphInterpreter$$anonfun$receive$1.applyOrElse(Ljava/lang/Object;Lscala/Function1;)Ljava/lang/Object;+35
j  akka.actor.Actor$class.aroundReceive(Lakka/actor/Actor;Lscala/PartialFunction;Ljava/lang/Object;)V+8
j  akka.stream.impl.fusing.ActorGraphInterpreter.aroundReceive(Lscala/PartialFunction;Ljava/lang/Object;)V+3
j  akka.actor.ActorCell.receiveMessage(Ljava/lang/Object;)V+15
j  akka.actor.ActorCell.invoke(Lakka/dispatch/Envelope;)V+59
j  akka.dispatch.Mailbox.processMailbox(IJ)V+24
j  akka.dispatch.Mailbox.run()V+20
j  akka.dispatch.Mailbox.exec()Z+1
j  akka.dispatch.forkjoin.ForkJoinTask.doExec()I+10
j  akka.dispatch.forkjoin.ForkJoinPool$WorkQueue.runTask(Lakka/dispatch/forkjoin/ForkJoinTask;)V+10
j  akka.dispatch.forkjoin.ForkJoinPool.runWorker(Lakka/dispatch/forkjoin/ForkJoinPool$WorkQueue;)V+11
j  akka.dispatch.forkjoin.ForkJoinWorkerThread.run()V+14
v  ~StubRoutines::call_stub

---------------  P R O C E S S  ---------------

Java Threads: ( => current thread )
  0x00007fa4f71ab800 JavaThread "AsyncAppender-Worker-ASYNCSTDOUT" daemon [_thread_blocked, id=23311, stack(0x000070001011a000,0x000070001021a000)]
  0x00007fa4f2d3c000 JavaThread "AsyncAppender-Worker-ASYNCFILE" daemon [_thread_blocked, id=23823, stack(0x0000700010017000,0x0000700010117000)]
  0x00007fa4f29ef800 JavaThread "scala-execution-context-global-114" daemon [_thread_blocked, id=30727, stack(0x000070001114a000,0x000070001124a000)]
  0x00007fa4f4787800 JavaThread "scala-execution-context-global-113" daemon [_thread_blocked, id=84743, stack(0x0000700011047000,0x0000700011147000)]
  0x00007fa4f0dbb800 JavaThread "scala-execution-context-global-112" daemon [_thread_blocked, id=31495, stack(0x0000700010d3e000,0x0000700010e3e000)]
  0x00007fa4ef67c800 JavaThread "scala-execution-context-global-95" daemon [_thread_blocked, id=44291, stack(0x0000700012483000,0x0000700012583000)]
  0x00007fa4f3b25800 JavaThread "play-dev-mode-akka.actor.default-dispatcher-8" [_thread_blocked, id=21787, stack(0x000070000ff14000,0x0000700010014000)]
  0x00007fa4f3b25000 JavaThread "play-dev-mode-akka.actor.default-dispatcher-7" [_thread_blocked, id=4623, stack(0x000070000fc0b000,0x000070000fd0b000)]
=>0x00007fa4f2c60000 JavaThread "play-dev-mode-akka.actor.default-dispatcher-6" [_thread_in_native, id=15367, stack(0x000070000eaaa000,0x000070000ebaa000)]
  0x00007fa4f44d2800 JavaThread "play-dev-mode-akka.io.pinned-dispatcher-5" [_thread_in_native, id=29443, stack(0x0000700010f44000,0x0000700011044000)]
  0x00007fa4f06d8800 JavaThread "play-dev-mode-akka.actor.default-dispatcher-4" [_thread_blocked, id=29187, stack(0x0000700010e41000,0x0000700010f41000)]
  0x00007fa4f06af800 JavaThread "play-dev-mode-scheduler-1" [_thread_blocked, id=27907, stack(0x0000700010b38000,0x0000700010c38000)]
  0x00007fa4f0b44800 JavaThread "reloader-timer" daemon [_thread_blocked, id=38403, stack(0x0000700010a35000,0x0000700010b35000)]
  0x00007fa4f0bf1000 JavaThread "play-watch-service" daemon [_thread_blocked, id=27651, stack(0x0000700010932000,0x0000700010a32000)]
  0x00007fa4f0971000 JavaThread "WatchService for /Users/clock/workSpace/Pharbers/micro-service-module/findSalesById/app" daemon [_thread_in_native, id=26371, stack(0x000070001082f000,0x000070001092f000)]
  0x00007fa4f27f4000 JavaThread "WatchService for /Users/clock/workSpace/Pharbers/micro-service-module/findSalesById/conf" daemon [_thread_in_native, id=25091, stack(0x000070001072c000,0x000070001082c000)]
  0x00007fa4f3eda000 JavaThread "WatchService for /Users/clock/workSpace/Pharbers/micro-service-module/findSalesById/public" daemon [_thread_in_native, id=41475, stack(0x0000700010629000,0x0000700010729000)]
  0x00007fa4ef3ba800 JavaThread "pool-7-thread-4" [_thread_in_native, id=43027, stack(0x0000700010320000,0x0000700010420000)]
  0x00007fa4f3dd8000 JavaThread "sbt-socket-server" [_thread_in_native, id=22803, stack(0x000070000fe11000,0x000070000ff11000)]
  0x00007fa4f2270800 JavaThread "sbt-web-akka.actor.default-dispatcher-3" [_thread_blocked, id=15635, stack(0x000070000fd0e000,0x000070000fe0e000)]
  0x00007fa4f040c800 JavaThread "sbt-web-scheduler-1" [_thread_blocked, id=43287, stack(0x000070000fb08000,0x000070000fc08000)]
  0x00007fa4f2b56000 JavaThread "Log4j2-TF-1-AsyncLogger[AsyncContext@5bcab519]-1" daemon [_thread_blocked, id=16899, stack(0x000070000f9da000,0x000070000fada000)]
  0x00007fa4f0813000 JavaThread "Service Thread" daemon [_thread_blocked, id=14339, stack(0x000070000f7d4000,0x000070000f8d4000)]
  0x00007fa4ef06a000 JavaThread "C1 CompilerThread2" daemon [_thread_blocked, id=13827, stack(0x000070000f6d1000,0x000070000f7d1000)]
  0x00007fa4ef069000 JavaThread "C2 CompilerThread1" daemon [_thread_in_native, id=17155, stack(0x000070000f5ce000,0x000070000f6ce000)]
  0x00007fa4ef857000 JavaThread "C2 CompilerThread0" daemon [_thread_in_native, id=13315, stack(0x000070000f4cb000,0x000070000f5cb000)]
  0x00007fa4ef063800 JavaThread "Signal Dispatcher" daemon [_thread_blocked, id=17923, stack(0x000070000f3c8000,0x000070000f4c8000)]
  0x00007fa4ef061000 JavaThread "Finalizer" daemon [_thread_blocked, id=20227, stack(0x000070000f2c5000,0x000070000f3c5000)]
  0x00007fa4ef80b000 JavaThread "Reference Handler" daemon [_thread_blocked, id=11267, stack(0x000070000f1c2000,0x000070000f2c2000)]
  0x00007fa4ef000800 JavaThread "main" [_thread_blocked, id=9731, stack(0x000070000ebb0000,0x000070000ecb0000)]

Other Threads:
  0x00007fa4ef05e800 VMThread [stack: 0x000070000f0bf000,0x000070000f1bf000] [id=20739]
  0x00007fa4ef82a000 WatcherThread [stack: 0x000070000f8d7000,0x000070000f9d7000] [id=14851]

VM state:not at safepoint (normal execution)

VM Mutex/Monitor currently owned by a thread: None

Heap:
 PSYoungGen      total 264704K, used 156782K [0x00000007aab00000, 0x00000007c0000000, 0x00000007c0000000)
  eden space 175616K, 73% used [0x00000007aab00000,0x00000007b28779e0,0x00000007b5680000)
  from space 89088K, 31% used [0x00000007ba900000,0x00000007bc4a4010,0x00000007c0000000)
  to   space 84480K, 0% used [0x00000007b5680000,0x00000007b5680000,0x00000007ba900000)
 ParOldGen       total 699392K, used 129614K [0x0000000780000000, 0x00000007aab00000, 0x00000007aab00000)
  object space 699392K, 18% used [0x0000000780000000,0x0000000787e939a8,0x00000007aab00000)
 Metaspace       used 152412K, capacity 166806K, committed 166912K, reserved 1193984K
  class space    used 21686K, capacity 22426K, committed 22528K, reserved 1048576K

Card table byte_map: [0x0000000118bee000,0x0000000118def000] byte_map_base: 0x0000000114fee000

Marking Bits: (ParMarkBitMap*) 0x00000001102f76c0
 Begin Bits: [0x0000000118fed000, 0x0000000119fed000)
 End Bits:   [0x0000000119fed000, 0x000000011afed000)

Polling page: 0x000000010f1c4000

CodeCache: size=131072Kb used=54841Kb max_used=56286Kb free=76230Kb
 bounds [0x00000001109ee000, 0x000000011413e000, 0x00000001189ee000]
 total_blobs=20725 nmethods=19973 adapters=660
 compilation: enabled

Compilation events (10 events):
Event: 800.401 Thread 0x00007fa4ef06a000 nmethod 25004 0x00000001136a1b50 code [0x00000001136a1f00, 0x00000001136a4258]
Event: 800.410 Thread 0x00007fa4ef06a000 25005       3       ch.qos.logback.core.joran.spi.ElementSelector::fullPathMatch (52 bytes)
Event: 800.412 Thread 0x00007fa4ef06a000 nmethod 25005 0x0000000113a40110 code [0x0000000113a40380, 0x0000000113a41368]
Event: 800.414 Thread 0x00007fa4ef06a000 25006       1       ch.qos.logback.core.status.StatusBase::getLevel (5 bytes)
Event: 800.414 Thread 0x00007fa4ef06a000 nmethod 25006 0x0000000111cba4d0 code [0x0000000111cba620, 0x0000000111cba730]
Event: 800.426 Thread 0x00007fa4ef06a000 25007       3       sun.security.util.SignatureFileVerifier::isBlockOrSF (42 bytes)
Event: 800.427 Thread 0x00007fa4ef06a000 nmethod 25007 0x000000011275e690 code [0x000000011275e880, 0x000000011275f1d8]
Event: 800.457 Thread 0x00007fa4ef06a000 25008       1       scala.reflect.ClassTag$$anon$1::runtimeClass (5 bytes)
Event: 800.458 Thread 0x00007fa4ef06a000 nmethod 25008 0x0000000113a472d0 code [0x0000000113a47420, 0x0000000113a47530]
Event: 800.465 Thread 0x00007fa4ef857000 nmethod 24999 0x00000001122ca450 code [0x00000001122ca860, 0x00000001122cc888]

GC Heap History (10 events):
Event: 797.604 GC heap before
{Heap before GC invocations=32 (full 6):
 PSYoungGen      total 257536K, used 128543K [0x00000007aab00000, 0x00000007c0000000, 0x00000007c0000000)
  eden space 165888K, 64% used [0x00000007aab00000,0x00000007b13c5f00,0x00000007b4d00000)
  from space 91648K, 23% used [0x00000007b4d00000,0x00000007b61c1ed8,0x00000007ba680000)
  to   space 90112K, 0% used [0x00000007ba800000,0x00000007ba800000,0x00000007c0000000)
 ParOldGen       total 699392K, used 213515K [0x0000000780000000, 0x00000007aab00000, 0x00000007aab00000)
  object space 699392K, 30% used [0x0000000780000000,0x000000078d082c68,0x00000007aab00000)
 Metaspace       used 152024K, capacity 166436K, committed 166656K, reserved 1193984K
  class space    used 21639K, capacity 22402K, committed 22528K, reserved 1048576K
Event: 797.619 GC heap after
Heap after GC invocations=32 (full 6):
 PSYoungGen      total 261632K, used 24909K [0x00000007aab00000, 0x00000007c0000000, 0x00000007c0000000)
  eden space 171520K, 0% used [0x00000007aab00000,0x00000007aab00000,0x00000007b5280000)
  from space 90112K, 27% used [0x00000007ba800000,0x00000007bc053610,0x00000007c0000000)
  to   space 87552K, 0% used [0x00000007b5280000,0x00000007b5280000,0x00000007ba800000)
 ParOldGen       total 699392K, used 213523K [0x0000000780000000, 0x00000007aab00000, 0x00000007aab00000)
  object space 699392K, 30% used [0x0000000780000000,0x000000078d084c68,0x00000007aab00000)
 Metaspace       used 152024K, capacity 166436K, committed 166656K, reserved 1193984K
  class space    used 21639K, capacity 22402K, committed 22528K, reserved 1048576K
}
Event: 797.619 GC heap before
{Heap before GC invocations=33 (full 7):
 PSYoungGen      total 261632K, used 24909K [0x00000007aab00000, 0x00000007c0000000, 0x00000007c0000000)
  eden space 171520K, 0% used [0x00000007aab00000,0x00000007aab00000,0x00000007b5280000)
  from space 90112K, 27% used [0x00000007ba800000,0x00000007bc053610,0x00000007c0000000)
  to   space 87552K, 0% used [0x00000007b5280000,0x00000007b5280000,0x00000007ba800000)
 ParOldGen       total 699392K, used 213523K [0x0000000780000000, 0x00000007aab00000, 0x00000007aab00000)
  object space 699392K, 30% used [0x0000000780000000,0x000000078d084c68,0x00000007aab00000)
 Metaspace       used 152024K, capacity 166436K, committed 166656K, reserved 1193984K
  class space    used 21639K, capacity 22402K, committed 22528K, reserved 1048576K
Event: 798.115 GC heap after
Heap after GC invocations=33 (full 7):
 PSYoungGen      total 261632K, used 0K [0x00000007aab00000, 0x00000007c0000000, 0x00000007c0000000)
  eden space 171520K, 0% used [0x00000007aab00000,0x00000007aab00000,0x00000007b5280000)
  from space 90112K, 0% used [0x00000007ba800000,0x00000007ba800000,0x00000007c0000000)
  to   space 87552K, 0% used [0x00000007b5280000,0x00000007b5280000,0x00000007ba800000)
 ParOldGen       total 699392K, used 130816K [0x0000000780000000, 0x00000007aab00000, 0x00000007aab00000)
  object space 699392K, 18% used [0x0000000780000000,0x0000000787fc0308,0x00000007aab00000)
 Metaspace       used 151328K, capacity 165678K, committed 166656K, reserved 1193984K
  class space    used 21541K, capacity 22292K, committed 22528K, reserved 1048576K
}
Event: 798.120 GC heap before
{Heap before GC invocations=34 (full 7):
 PSYoungGen      total 261632K, used 3304K [0x00000007aab00000, 0x00000007c0000000, 0x00000007c0000000)
  eden space 171520K, 1% used [0x00000007aab00000,0x00000007aae3a220,0x00000007b5280000)
  from space 90112K, 0% used [0x00000007ba800000,0x00000007ba800000,0x00000007c0000000)
  to   space 87552K, 0% used [0x00000007b5280000,0x00000007b5280000,0x00000007ba800000)
 ParOldGen       total 699392K, used 130816K [0x0000000780000000, 0x00000007aab00000, 0x00000007aab00000)
  object space 699392K, 18% used [0x0000000780000000,0x0000000787fc0308,0x00000007aab00000)
 Metaspace       used 151328K, capacity 165678K, committed 166656K, reserved 1193984K
  class space    used 21541K, capacity 22292K, committed 22528K, reserved 1048576K
Event: 798.124 GC heap after
Heap after GC invocations=34 (full 7):
 PSYoungGen      total 259072K, used 96K [0x00000007aab00000, 0x00000007c0000000, 0x00000007c0000000)
  eden space 171520K, 0% used [0x00000007aab00000,0x00000007aab00000,0x00000007b5280000)
  from space 87552K, 0% used [0x00000007b5280000,0x00000007b5298000,0x00000007ba800000)
  to   space 89088K, 0% used [0x00000007ba900000,0x00000007ba900000,0x00000007c0000000)
 ParOldGen       total 699392K, used 130816K [0x0000000780000000, 0x00000007aab00000, 0x00000007aab00000)
  object space 699392K, 18% used [0x0000000780000000,0x0000000787fc0308,0x00000007aab00000)
 Metaspace       used 151328K, capacity 165678K, committed 166656K, reserved 1193984K
  class space    used 21541K, capacity 22292K, committed 22528K, reserved 1048576K
}
Event: 798.124 GC heap before
{Heap before GC invocations=35 (full 8):
 PSYoungGen      total 259072K, used 96K [0x00000007aab00000, 0x00000007c0000000, 0x00000007c0000000)
  eden space 171520K, 0% used [0x00000007aab00000,0x00000007aab00000,0x00000007b5280000)
  from space 87552K, 0% used [0x00000007b5280000,0x00000007b5298000,0x00000007ba800000)
  to   space 89088K, 0% used [0x00000007ba900000,0x00000007ba900000,0x00000007c0000000)
 ParOldGen       total 699392K, used 130816K [0x0000000780000000, 0x00000007aab00000, 0x00000007aab00000)
  object space 699392K, 18% used [0x0000000780000000,0x0000000787fc0308,0x00000007aab00000)
 Metaspace       used 151328K, capacity 165678K, committed 166656K, reserved 1193984K
  class space    used 21541K, capacity 22292K, committed 22528K, reserved 1048576K
Event: 798.366 GC heap after
Heap after GC invocations=35 (full 8):
 PSYoungGen      total 259072K, used 0K [0x00000007aab00000, 0x00000007c0000000, 0x00000007c0000000)
  eden space 171520K, 0% used [0x00000007aab00000,0x00000007aab00000,0x00000007b5280000)
  from space 87552K, 0% used [0x00000007b5280000,0x00000007b5280000,0x00000007ba800000)
  to   space 89088K, 0% used [0x00000007ba900000,0x00000007ba900000,0x00000007c0000000)
 ParOldGen       total 699392K, used 129606K [0x0000000780000000, 0x00000007aab00000, 0x00000007aab00000)
  object space 699392K, 18% used [0x0000000780000000,0x0000000787e919a8,0x00000007aab00000)
 Metaspace       used 151328K, capacity 165678K, committed 166656K, reserved 1193984K
  class space    used 21541K, capacity 22292K, committed 22528K, reserved 1048576K
}
Event: 798.664 GC heap before
{Heap before GC invocations=36 (full 8):
 PSYoungGen      total 259072K, used 171520K [0x00000007aab00000, 0x00000007c0000000, 0x00000007c0000000)
  eden space 171520K, 100% used [0x00000007aab00000,0x00000007b5280000,0x00000007b5280000)
  from space 87552K, 0% used [0x00000007b5280000,0x00000007b5280000,0x00000007ba800000)
  to   space 89088K, 0% used [0x00000007ba900000,0x00000007ba900000,0x00000007c0000000)
 ParOldGen       total 699392K, used 129606K [0x0000000780000000, 0x00000007aab00000, 0x00000007aab00000)
  object space 699392K, 18% used [0x0000000780000000,0x0000000787e919a8,0x00000007aab00000)
 Metaspace       used 151358K, capacity 165722K, committed 166656K, reserved 1193984K
  class space    used 21549K, capacity 22301K, committed 22528K, reserved 1048576K
Event: 798.693 GC heap after
Heap after GC invocations=36 (full 8):
 PSYoungGen      total 264704K, used 28304K [0x00000007aab00000, 0x00000007c0000000, 0x00000007c0000000)
  eden space 175616K, 0% used [0x00000007aab00000,0x00000007aab00000,0x00000007b5680000)
  from space 89088K, 31% used [0x00000007ba900000,0x00000007bc4a4010,0x00000007c0000000)
  to   space 84480K, 0% used [0x00000007b5680000,0x00000007b5680000,0x00000007ba900000)
 ParOldGen       total 699392K, used 129614K [0x0000000780000000, 0x00000007aab00000, 0x00000007aab00000)
  object space 699392K, 18% used [0x0000000780000000,0x0000000787e939a8,0x00000007aab00000)
 Metaspace       used 151358K, capacity 165722K, committed 166656K, reserved 1193984K
  class space    used 21549K, capacity 22301K, committed 22528K, reserved 1048576K
}

Deoptimization events (10 events):
Event: 799.544 Thread 0x00007fa4f2c60000 Uncommon trap: reason=bimorphic action=maybe_recompile pc=0x0000000110c0f178 method=java.util.concurrent.locks.AbstractQueuedSynchronizer.release(I)Z @ 2
Event: 799.545 Thread 0x00007fa4f2c60000 Uncommon trap: reason=bimorphic action=maybe_recompile pc=0x0000000110c0f178 method=java.util.concurrent.locks.AbstractQueuedSynchronizer.release(I)Z @ 2
Event: 800.098 Thread 0x00007fa4f2c60000 Uncommon trap: reason=unstable_if action=reinterpret pc=0x000000011137dcd8 method=java.io.BufferedInputStream.read1([BII)I @ 29
Event: 800.223 Thread 0x00007fa4f2c60000 Uncommon trap: reason=unstable_if action=reinterpret pc=0x0000000111efe198 method=java.util.jar.JarFile.getManifestFromReference()Ljava/util/jar/Manifest; @ 32
Event: 800.313 Thread 0x00007fa4f2c60000 Uncommon trap: reason=bimorphic action=maybe_recompile pc=0x00000001123e7140 method=com.sun.org.apache.xerces.internal.impl.XMLNSDocumentScannerImpl.scanStartElement()Z @ 1016
Event: 800.313 Thread 0x00007fa4f2c60000 Uncommon trap: reason=bimorphic action=maybe_recompile pc=0x00000001123e715c method=com.sun.org.apache.xerces.internal.impl.XMLNSDocumentScannerImpl.scanStartElement()Z @ 953
Event: 800.313 Thread 0x00007fa4f2c60000 Uncommon trap: reason=bimorphic action=maybe_recompile pc=0x00000001123e7140 method=com.sun.org.apache.xerces.internal.impl.XMLNSDocumentScannerImpl.scanStartElement()Z @ 1016
Event: 800.313 Thread 0x00007fa4f2c60000 Uncommon trap: reason=bimorphic action=maybe_recompile pc=0x00000001123e7140 method=com.sun.org.apache.xerces.internal.impl.XMLNSDocumentScannerImpl.scanStartElement()Z @ 1016
Event: 800.326 Thread 0x00007fa4f2c60000 Uncommon trap: reason=unstable_if action=reinterpret pc=0x000000011162de8c method=java.util.regex.Pattern.expr(Ljava/util/regex/Pattern$Node;)Ljava/util/regex/Pattern$Node; @ 93
Event: 800.331 Thread 0x00007fa4f2c60000 Uncommon trap: reason=unstable_if action=reinterpret pc=0x0000000111743e18 method=java.util.regex.Pattern.newSingle(I)Ljava/util/regex/Pattern$CharProperty; @ 5

Classes redefined (0 events):
No events

Internal exceptions (10 events):
Event: 785.854 Thread 0x00007fa4f365a000 Exception <a 'java/lang/ArrayIndexOutOfBoundsException': 1> (0x00000007abdde7d8) thrown at [/Users/java_re/workspace/8-2-build-macosx-x86_64/jdk8u161/10277/hotspot/src/share/vm/interpreter/interpreterRuntime.cpp, line 366]
Event: 785.888 Thread 0x00007fa4f365a000 Exception <a 'java/lang/NoSuchMethodError': java.lang.Object.$anonfun$JIntegerJsonFormat$1(Ljava/lang/Integer;)Lscala/Option;> (0x00000007ac3e3550) thrown at [/Users/java_re/workspace/8-2-build-macosx-x86_64/jdk8u161/10277/hotspot/src/share/vm/interpreter
Event: 785.888 Thread 0x00007fa4f365a000 Exception <a 'java/lang/NoSuchMethodError': java.lang.Object.$anonfun$JIntegerJsonFormat$2(Lscala/Option;)Ljava/lang/Integer;> (0x00000007ac3e8448) thrown at [/Users/java_re/workspace/8-2-build-macosx-x86_64/jdk8u161/10277/hotspot/src/share/vm/interpreter
Event: 785.894 Thread 0x00007fa4f2b56000 Implicit null exception at 0x0000000111b6aab4 to 0x0000000111b6ab3d
Event: 785.926 Thread 0x00007fa4f365a000 Implicit null exception at 0x000000011295410c to 0x000000011295427d
Event: 796.013 Thread 0x00007fa4f365a000 Exception <a 'java/io/FileNotFoundException'> (0x00000007b49bb240) thrown at [/Users/java_re/workspace/8-2-build-macosx-x86_64/jdk8u161/10277/hotspot/src/share/vm/prims/jni.cpp, line 709]
Event: 796.014 Thread 0x00007fa4f365a000 Exception <a 'java/io/FileNotFoundException'> (0x00000007b49f32e8) thrown at [/Users/java_re/workspace/8-2-build-macosx-x86_64/jdk8u161/10277/hotspot/src/share/vm/prims/jni.cpp, line 709]
Event: 797.599 Thread 0x00007fa4f5a25800 Exception <a 'java/lang/NoSuchMethodError': java.lang.Object.$anonfun$getPlayCompileEverything$1(Lxsbti/compile/CompileAnalysis;)Lsbt/internal/inc/Analysis;> (0x00000007b1361df8) thrown at [/Users/java_re/workspace/8-2-build-macosx-x86_64/jdk8u161/10277/h
Event: 799.535 Thread 0x00007fa4f2c60000 Exception <a 'java/lang/NoSuchMethodError': java.lang.Object.$anonfun$pathStreamToFiles$1(Ljava/nio/file/Path;)Lbetter/files/File;> (0x00000007b0cf18f8) thrown at [/Users/java_re/workspace/8-2-build-macosx-x86_64/jdk8u161/10277/hotspot/src/share/vm/interp
Event: 799.537 Thread 0x00007fa4f2c60000 Exception <a 'java/lang/NoSuchMethodError': java.lang.Object.$anonfun$filterNot$1$adapted(Lscala/Function1;Ljava/lang/Object;)Ljava/lang/Object;> (0x00000007b0cfa5d8) thrown at [/Users/java_re/workspace/8-2-build-macosx-x86_64/jdk8u161/10277/hotspot/src/s

Events (10 events):
Event: 800.454 loading class play/api/inject/BuiltinModule
Event: 800.454 loading class play/api/inject/BuiltinModule done
Event: 800.457 loading class play/api/inject/BuiltinModule$$anonfun$$lessinit$greater$1
Event: 800.457 loading class play/api/inject/BuiltinModule$$anonfun$$lessinit$greater$1 done
Event: 800.458 Thread 0x00007fa4ef06a000 flushing nmethod 0x000000011191c510
Event: 800.458 Thread 0x00007fa4ef06a000 flushing nmethod 0x0000000111958a50
Event: 800.461 loading class play/api/i18n/I18nModule
Event: 800.461 loading class play/api/i18n/I18nModule done
Event: 800.462 loading class com/pharbers/pattern/module/PhModulesBind
Event: 800.462 loading class com/pharbers/pattern/module/PhModulesBind done


Dynamic libraries:
0x0000000001c03000 	/System/Library/Frameworks/Cocoa.framework/Versions/A/Cocoa
0x0000000001c03000 	/System/Library/Frameworks/Security.framework/Versions/A/Security
0x0000000001c03000 	/System/Library/Frameworks/ApplicationServices.framework/Versions/A/ApplicationServices
0x0000000001c03000 	/usr/lib/libz.1.dylib
0x0000000001c03000 	/usr/lib/libSystem.B.dylib
0x0000000001c03000 	/usr/lib/libobjc.A.dylib
0x0000000001c03000 	/System/Library/Frameworks/CoreFoundation.framework/Versions/A/CoreFoundation
0x0000000001c03000 	/System/Library/Frameworks/Foundation.framework/Versions/C/Foundation
0x0000000001c03000 	/System/Library/Frameworks/AppKit.framework/Versions/C/AppKit
0x0000000001c03000 	/System/Library/Frameworks/CoreData.framework/Versions/A/CoreData
0x0000000001c03000 	/System/Library/PrivateFrameworks/RemoteViewServices.framework/Versions/A/RemoteViewServices
0x0000000001c03000 	/System/Library/PrivateFrameworks/UIFoundation.framework/Versions/A/UIFoundation
0x0000000001c03000 	/System/Library/PrivateFrameworks/DFRFoundation.framework/Versions/A/DFRFoundation
0x0000000001c03000 	/System/Library/Frameworks/Metal.framework/Versions/A/Metal
0x0000000001c03000 	/System/Library/PrivateFrameworks/DesktopServicesPriv.framework/Versions/A/DesktopServicesPriv
0x0000000001c03000 	/usr/lib/libenergytrace.dylib
0x0000000001c03000 	/System/Library/PrivateFrameworks/SkyLight.framework/Versions/A/SkyLight
0x0000000001c03000 	/System/Library/Frameworks/CoreGraphics.framework/Versions/A/CoreGraphics
0x0000000001c03000 	/usr/lib/libScreenReader.dylib
0x0000000001c03000 	/System/Library/Frameworks/Accelerate.framework/Versions/A/Accelerate
0x0000000001c03000 	/System/Library/Frameworks/IOSurface.framework/Versions/A/IOSurface
0x0000000001c03000 	/System/Library/Frameworks/AudioToolbox.framework/Versions/A/AudioToolbox
0x0000000001c03000 	/System/Library/Frameworks/AudioUnit.framework/Versions/A/AudioUnit
0x0000000001c03000 	/System/Library/PrivateFrameworks/DataDetectorsCore.framework/Versions/A/DataDetectorsCore
0x0000000001c03000 	/System/Library/Frameworks/Carbon.framework/Versions/A/Frameworks/HIToolbox.framework/Versions/A/HIToolbox
0x0000000001c03000 	/usr/lib/libicucore.A.dylib
0x0000000001c03000 	/System/Library/Frameworks/QuartzCore.framework/Versions/A/QuartzCore
0x0000000001c03000 	/System/Library/PrivateFrameworks/SignpostNotification.framework/Versions/A/SignpostNotification
0x0000000001c03000 	/System/Library/Frameworks/Carbon.framework/Versions/A/Frameworks/SpeechRecognition.framework/Versions/A/SpeechRecognition
0x0000000001c03000 	/usr/lib/libauto.dylib
0x0000000001c03000 	/usr/lib/libxml2.2.dylib
0x0000000001c03000 	/System/Library/PrivateFrameworks/CoreUI.framework/Versions/A/CoreUI
0x0000000001c03000 	/System/Library/Frameworks/CoreAudio.framework/Versions/A/CoreAudio
0x0000000001c03000 	/System/Library/Frameworks/DiskArbitration.framework/Versions/A/DiskArbitration
0x0000000001c03000 	/usr/lib/liblangid.dylib
0x0000000001c03000 	/System/Library/PrivateFrameworks/MultitouchSupport.framework/Versions/A/MultitouchSupport
0x0000000001c03000 	/System/Library/Frameworks/IOKit.framework/Versions/A/IOKit
0x0000000001c03000 	/usr/lib/libDiagnosticMessagesClient.dylib
0x0000000001c03000 	/System/Library/Frameworks/CoreServices.framework/Versions/A/CoreServices
0x0000000001c03000 	/System/Library/PrivateFrameworks/PerformanceAnalysis.framework/Versions/A/PerformanceAnalysis
0x0000000001c03000 	/System/Library/Frameworks/OpenGL.framework/Versions/A/OpenGL
0x0000000001c03000 	/System/Library/Frameworks/ColorSync.framework/Versions/A/ColorSync
0x0000000001c03000 	/System/Library/Frameworks/CoreImage.framework/Versions/A/CoreImage
0x0000000001c03000 	/System/Library/Frameworks/CoreText.framework/Versions/A/CoreText
0x0000000001c03000 	/System/Library/Frameworks/ImageIO.framework/Versions/A/ImageIO
0x0000000001c03000 	/System/Library/PrivateFrameworks/Backup.framework/Versions/A/Backup
0x0000000001c03000 	/usr/lib/libarchive.2.dylib
0x0000000001c03000 	/System/Library/Frameworks/CFNetwork.framework/Versions/A/CFNetwork
0x0000000001c03000 	/System/Library/Frameworks/SystemConfiguration.framework/Versions/A/SystemConfiguration
0x0000000001c03000 	/usr/lib/libCRFSuite.dylib
0x0000000001c03000 	/usr/lib/libc++.1.dylib
0x0000000001c03000 	/usr/lib/libc++abi.dylib
0x0000000001c03000 	/usr/lib/system/libcache.dylib
0x0000000001c03000 	/usr/lib/system/libcommonCrypto.dylib
0x0000000001c03000 	/usr/lib/system/libcompiler_rt.dylib
0x0000000001c03000 	/usr/lib/system/libcopyfile.dylib
0x0000000001c03000 	/usr/lib/system/libcorecrypto.dylib
0x0000000001c03000 	/usr/lib/system/libdispatch.dylib
0x0000000001c03000 	/usr/lib/system/libdyld.dylib
0x0000000001c03000 	/usr/lib/system/libkeymgr.dylib
0x0000000001c03000 	/usr/lib/system/liblaunch.dylib
0x0000000001c03000 	/usr/lib/system/libmacho.dylib
0x0000000001c03000 	/usr/lib/system/libquarantine.dylib
0x0000000001c03000 	/usr/lib/system/libremovefile.dylib
0x0000000001c03000 	/usr/lib/system/libsystem_asl.dylib
0x0000000001c03000 	/usr/lib/system/libsystem_blocks.dylib
0x0000000001c03000 	/usr/lib/system/libsystem_c.dylib
0x0000000001c03000 	/usr/lib/system/libsystem_configuration.dylib
0x0000000001c03000 	/usr/lib/system/libsystem_coreservices.dylib
0x0000000001c03000 	/usr/lib/system/libsystem_darwin.dylib
0x0000000001c03000 	/usr/lib/system/libsystem_dnssd.dylib
0x0000000001c03000 	/usr/lib/system/libsystem_info.dylib
0x0000000001c03000 	/usr/lib/system/libsystem_m.dylib
0x0000000001c03000 	/usr/lib/system/libsystem_malloc.dylib
0x0000000001c03000 	/usr/lib/system/libsystem_network.dylib
0x0000000001c03000 	/usr/lib/system/libsystem_networkextension.dylib
0x0000000001c03000 	/usr/lib/system/libsystem_notify.dylib
0x0000000001c03000 	/usr/lib/system/libsystem_sandbox.dylib
0x0000000001c03000 	/usr/lib/system/libsystem_secinit.dylib
0x0000000001c03000 	/usr/lib/system/libsystem_kernel.dylib
0x0000000001c03000 	/usr/lib/system/libsystem_platform.dylib
0x0000000001c03000 	/usr/lib/system/libsystem_pthread.dylib
0x0000000001c03000 	/usr/lib/system/libsystem_symptoms.dylib
0x0000000001c03000 	/usr/lib/system/libsystem_trace.dylib
0x0000000001c03000 	/usr/lib/system/libunwind.dylib
0x0000000001c03000 	/usr/lib/system/libxpc.dylib
0x0000000001c03000 	/usr/lib/closure/libclosured.dylib
0x0000000001c03000 	/usr/lib/libbsm.0.dylib
0x0000000001c03000 	/usr/lib/system/libkxld.dylib
0x0000000001c03000 	/usr/lib/libOpenScriptingUtil.dylib
0x0000000001c03000 	/usr/lib/libcoretls.dylib
0x0000000001c03000 	/usr/lib/libcoretls_cfhelpers.dylib
0x0000000001c03000 	/usr/lib/libpam.2.dylib
0x0000000001c03000 	/usr/lib/libsqlite3.dylib
0x0000000001c03000 	/usr/lib/libxar.1.dylib
0x0000000001c03000 	/usr/lib/libbz2.1.0.dylib
0x0000000001c03000 	/usr/lib/liblzma.5.dylib
0x0000000001c03000 	/usr/lib/libnetwork.dylib
0x0000000001c03000 	/usr/lib/libapple_nghttp2.dylib
0x0000000001c03000 	/usr/lib/libpcap.A.dylib
0x0000000001c03000 	/usr/lib/libboringssl.dylib
0x0000000001c03000 	/usr/lib/libusrtcp.dylib
0x0000000001c03000 	/usr/lib/libapple_crypto.dylib
0x0000000001c03000 	/System/Library/Frameworks/CoreServices.framework/Versions/A/Frameworks/FSEvents.framework/Versions/A/FSEvents
0x0000000001c03000 	/System/Library/Frameworks/CoreServices.framework/Versions/A/Frameworks/CarbonCore.framework/Versions/A/CarbonCore
0x0000000001c03000 	/System/Library/Frameworks/CoreServices.framework/Versions/A/Frameworks/Metadata.framework/Versions/A/Metadata
0x0000000001c03000 	/System/Library/Frameworks/CoreServices.framework/Versions/A/Frameworks/OSServices.framework/Versions/A/OSServices
0x0000000001c03000 	/System/Library/Frameworks/CoreServices.framework/Versions/A/Frameworks/SearchKit.framework/Versions/A/SearchKit
0x0000000001c03000 	/System/Library/Frameworks/CoreServices.framework/Versions/A/Frameworks/AE.framework/Versions/A/AE
0x0000000001c03000 	/System/Library/Frameworks/CoreServices.framework/Versions/A/Frameworks/LaunchServices.framework/Versions/A/LaunchServices
0x0000000001c03000 	/System/Library/Frameworks/CoreServices.framework/Versions/A/Frameworks/DictionaryServices.framework/Versions/A/DictionaryServices
0x0000000001c03000 	/System/Library/Frameworks/CoreServices.framework/Versions/A/Frameworks/SharedFileList.framework/Versions/A/SharedFileList
0x0000000001c03000 	/System/Library/Frameworks/NetFS.framework/Versions/A/NetFS
0x0000000001c03000 	/System/Library/PrivateFrameworks/NetAuth.framework/Versions/A/NetAuth
0x0000000001c03000 	/System/Library/PrivateFrameworks/login.framework/Versions/A/Frameworks/loginsupport.framework/Versions/A/loginsupport
0x0000000001c03000 	/System/Library/PrivateFrameworks/TCC.framework/Versions/A/TCC
0x0000000001c03000 	/usr/lib/libmecabra.dylib
0x0000000001c03000 	/System/Library/Frameworks/ApplicationServices.framework/Versions/A/Frameworks/ATS.framework/Versions/A/ATS
0x0000000001c03000 	/System/Library/Frameworks/ApplicationServices.framework/Versions/A/Frameworks/ColorSyncLegacy.framework/Versions/A/ColorSyncLegacy
0x0000000001c03000 	/System/Library/Frameworks/ApplicationServices.framework/Versions/A/Frameworks/HIServices.framework/Versions/A/HIServices
0x0000000001c03000 	/System/Library/Frameworks/ApplicationServices.framework/Versions/A/Frameworks/LangAnalysis.framework/Versions/A/LangAnalysis
0x0000000001c03000 	/System/Library/Frameworks/ApplicationServices.framework/Versions/A/Frameworks/PrintCore.framework/Versions/A/PrintCore
0x0000000001c03000 	/System/Library/Frameworks/ApplicationServices.framework/Versions/A/Frameworks/QD.framework/Versions/A/QD
0x0000000001c03000 	/System/Library/Frameworks/ApplicationServices.framework/Versions/A/Frameworks/SpeechSynthesis.framework/Versions/A/SpeechSynthesis
0x0000000001c03000 	/System/Library/Frameworks/CoreDisplay.framework/Versions/A/CoreDisplay
0x0000000001c03000 	/System/Library/Frameworks/Accelerate.framework/Versions/A/Frameworks/vImage.framework/Versions/A/vImage
0x0000000001c03000 	/System/Library/Frameworks/Accelerate.framework/Versions/A/Frameworks/vecLib.framework/Versions/A/vecLib
0x0000000001c03000 	/System/Library/Frameworks/Accelerate.framework/Versions/A/Frameworks/vecLib.framework/Versions/A/libvDSP.dylib
0x0000000001c03000 	/System/Library/Frameworks/Accelerate.framework/Versions/A/Frameworks/vecLib.framework/Versions/A/libBNNS.dylib
0x0000000001c03000 	/System/Library/Frameworks/Accelerate.framework/Versions/A/Frameworks/vecLib.framework/Versions/A/libQuadrature.dylib
0x0000000001c03000 	/System/Library/Frameworks/Accelerate.framework/Versions/A/Frameworks/vecLib.framework/Versions/A/libvMisc.dylib
0x0000000001c03000 	/System/Library/Frameworks/Accelerate.framework/Versions/A/Frameworks/vecLib.framework/Versions/A/libLAPACK.dylib
0x0000000001c03000 	/System/Library/Frameworks/Accelerate.framework/Versions/A/Frameworks/vecLib.framework/Versions/A/libBLAS.dylib
0x0000000001c03000 	/System/Library/Frameworks/Accelerate.framework/Versions/A/Frameworks/vecLib.framework/Versions/A/libLinearAlgebra.dylib
0x0000000001c03000 	/System/Library/Frameworks/Accelerate.framework/Versions/A/Frameworks/vecLib.framework/Versions/A/libSparse.dylib
0x0000000001c03000 	/System/Library/Frameworks/Accelerate.framework/Versions/A/Frameworks/vecLib.framework/Versions/A/libSparseBLAS.dylib
0x0000000001c03000 	/System/Library/PrivateFrameworks/GPUWrangler.framework/Versions/A/GPUWrangler
0x0000000001c03000 	/System/Library/PrivateFrameworks/IOAccelerator.framework/Versions/A/IOAccelerator
0x0000000001c03000 	/System/Library/PrivateFrameworks/IOPresentment.framework/Versions/A/IOPresentment
0x0000000001c03000 	/System/Library/PrivateFrameworks/DSExternalDisplay.framework/Versions/A/DSExternalDisplay
0x0000000001c03000 	/System/Library/Frameworks/OpenGL.framework/Versions/A/Libraries/libCoreFSCache.dylib
0x0000000001c03000 	/System/Library/Frameworks/CoreVideo.framework/Versions/A/CoreVideo
0x0000000001c03000 	/System/Library/PrivateFrameworks/GraphVisualizer.framework/Versions/A/GraphVisualizer
0x0000000001c03000 	/System/Library/Frameworks/MetalPerformanceShaders.framework/Versions/A/MetalPerformanceShaders
0x0000000001c03000 	/usr/lib/libFosl_dynamic.dylib
0x0000000001c03000 	/System/Library/PrivateFrameworks/FaceCore.framework/Versions/A/FaceCore
0x0000000001c03000 	/System/Library/Frameworks/OpenCL.framework/Versions/A/OpenCL
0x0000000001c03000 	/usr/lib/libcompression.dylib
0x0000000001c03000 	/System/Library/Frameworks/ApplicationServices.framework/Versions/A/Frameworks/ATS.framework/Versions/A/Resources/libFontParser.dylib
0x0000000001c03000 	/System/Library/Frameworks/ApplicationServices.framework/Versions/A/Frameworks/ATS.framework/Versions/A/Resources/libFontRegistry.dylib
0x0000000001c03000 	/System/Library/Frameworks/ImageIO.framework/Versions/A/Resources/libJPEG.dylib
0x0000000001c03000 	/System/Library/Frameworks/ImageIO.framework/Versions/A/Resources/libTIFF.dylib
0x0000000001c03000 	/System/Library/Frameworks/ImageIO.framework/Versions/A/Resources/libPng.dylib
0x0000000001c03000 	/System/Library/Frameworks/ImageIO.framework/Versions/A/Resources/libGIF.dylib
0x0000000001c03000 	/System/Library/Frameworks/ImageIO.framework/Versions/A/Resources/libJP2.dylib
0x0000000001c03000 	/System/Library/Frameworks/ImageIO.framework/Versions/A/Resources/libRadiance.dylib
0x0000000001c03000 	/System/Library/PrivateFrameworks/AppleJPEG.framework/Versions/A/AppleJPEG
0x0000000001c03000 	/System/Library/Frameworks/MetalPerformanceShaders.framework/Frameworks/MPSCore.framework/Versions/A/MPSCore
0x0000000001c03000 	/System/Library/Frameworks/MetalPerformanceShaders.framework/Frameworks/MPSImage.framework/Versions/A/MPSImage
0x0000000001c03000 	/System/Library/Frameworks/MetalPerformanceShaders.framework/Frameworks/MPSNeuralNetwork.framework/Versions/A/MPSNeuralNetwork
0x0000000001c03000 	/System/Library/Frameworks/MetalPerformanceShaders.framework/Frameworks/MPSMatrix.framework/Versions/A/MPSMatrix
0x0000000001c03000 	/System/Library/PrivateFrameworks/MetalTools.framework/Versions/A/MetalTools
0x0000000001c03000 	/System/Library/Frameworks/OpenGL.framework/Versions/A/Libraries/libGLU.dylib
0x0000000001c03000 	/System/Library/Frameworks/OpenGL.framework/Versions/A/Libraries/libGFXShared.dylib
0x0000000001c03000 	/System/Library/Frameworks/OpenGL.framework/Versions/A/Libraries/libGL.dylib
0x0000000001c03000 	/System/Library/Frameworks/OpenGL.framework/Versions/A/Libraries/libGLImage.dylib
0x0000000001c03000 	/System/Library/Frameworks/OpenGL.framework/Versions/A/Libraries/libCVMSPluginSupport.dylib
0x0000000001c03000 	/System/Library/Frameworks/OpenGL.framework/Versions/A/Libraries/libCoreVMClient.dylib
0x0000000001c03000 	/usr/lib/libcups.2.dylib
0x0000000001c03000 	/System/Library/Frameworks/Kerberos.framework/Versions/A/Kerberos
0x0000000001c03000 	/System/Library/Frameworks/GSS.framework/Versions/A/GSS
0x0000000001c03000 	/usr/lib/libresolv.9.dylib
0x0000000001c03000 	/usr/lib/libiconv.2.dylib
0x0000000001c03000 	/System/Library/PrivateFrameworks/Heimdal.framework/Versions/A/Heimdal
0x0000000001c03000 	/usr/lib/libheimdal-asn1.dylib
0x0000000001c03000 	/System/Library/Frameworks/OpenDirectory.framework/Versions/A/OpenDirectory
0x0000000001c03000 	/System/Library/PrivateFrameworks/CommonAuth.framework/Versions/A/CommonAuth
0x0000000001c03000 	/System/Library/Frameworks/OpenDirectory.framework/Versions/A/Frameworks/CFOpenDirectory.framework/Versions/A/CFOpenDirectory
0x0000000001c03000 	/System/Library/Frameworks/SecurityFoundation.framework/Versions/A/SecurityFoundation
0x0000000001c03000 	/System/Library/PrivateFrameworks/APFS.framework/Versions/A/APFS
0x0000000001c03000 	/usr/lib/libutil.dylib
0x0000000001c03000 	/System/Library/PrivateFrameworks/AppleSauce.framework/Versions/A/AppleSauce
0x0000000001c03000 	/System/Library/PrivateFrameworks/LinguisticData.framework/Versions/A/LinguisticData
0x0000000001c03000 	/usr/lib/libmarisa.dylib
0x0000000001c03000 	/System/Library/PrivateFrameworks/Lexicon.framework/Versions/A/Lexicon
0x0000000001c03000 	/usr/lib/libChineseTokenizer.dylib
0x0000000001c03000 	/usr/lib/libcmph.dylib
0x0000000001c03000 	/System/Library/PrivateFrameworks/LanguageModeling.framework/Versions/A/LanguageModeling
0x0000000001c03000 	/System/Library/PrivateFrameworks/CoreEmoji.framework/Versions/A/CoreEmoji
0x0000000001c03000 	/System/Library/Frameworks/ServiceManagement.framework/Versions/A/ServiceManagement
0x0000000001c03000 	/System/Library/PrivateFrameworks/BackgroundTaskManagement.framework/Versions/A/BackgroundTaskManagement
0x0000000001c03000 	/usr/lib/libxslt.1.dylib
0x0000000001c03000 	/System/Library/Frameworks/Carbon.framework/Versions/A/Frameworks/Ink.framework/Versions/A/Ink
0x0000000001c03000 	/System/Library/PrivateFrameworks/TextureIO.framework/Versions/A/TextureIO
0x0000000001c03000 	/usr/lib/libate.dylib
0x0000000001c03000 	/System/Library/PrivateFrameworks/CrashReporterSupport.framework/Versions/A/CrashReporterSupport
0x0000000001c03000 	/System/Library/PrivateFrameworks/Sharing.framework/Versions/A/Sharing
0x0000000001c03000 	/System/Library/PrivateFrameworks/IconServices.framework/Versions/A/IconServices
0x0000000001c03000 	/System/Library/PrivateFrameworks/AuthKit.framework/Versions/A/AuthKit
0x0000000001c03000 	/System/Library/PrivateFrameworks/Apple80211.framework/Versions/A/Apple80211
0x0000000001c03000 	/System/Library/PrivateFrameworks/CoreUtils.framework/Versions/A/CoreUtils
0x0000000001c03000 	/System/Library/Frameworks/CoreWLAN.framework/Versions/A/CoreWLAN
0x0000000001c03000 	/System/Library/Frameworks/IOBluetooth.framework/Versions/A/IOBluetooth
0x0000000001c03000 	/System/Library/PrivateFrameworks/ProtocolBuffer.framework/Versions/A/ProtocolBuffer
0x0000000001c03000 	/System/Library/PrivateFrameworks/MobileKeyBag.framework/Versions/A/MobileKeyBag
0x0000000001c03000 	/System/Library/PrivateFrameworks/CorePhoneNumbers.framework/Versions/A/CorePhoneNumbers
0x0000000001c03000 	/System/Library/PrivateFrameworks/AppleIDAuthSupport.framework/Versions/A/AppleIDAuthSupport
0x0000000001c03000 	/System/Library/PrivateFrameworks/KeychainCircle.framework/Versions/A/KeychainCircle
0x0000000001c03000 	/System/Library/PrivateFrameworks/CoreWiFi.framework/Versions/A/CoreWiFi
0x0000000001c03000 	/System/Library/Frameworks/CoreBluetooth.framework/Versions/A/CoreBluetooth
0x0000000001c03000 	/System/Library/PrivateFrameworks/DebugSymbols.framework/Versions/A/DebugSymbols
0x0000000001c03000 	/System/Library/PrivateFrameworks/CoreSymbolication.framework/Versions/A/CoreSymbolication
0x0000000001c03000 	/System/Library/PrivateFrameworks/Symbolication.framework/Versions/A/Symbolication
0x0000000001c03000 	/System/Library/PrivateFrameworks/AppleFSCompression.framework/Versions/A/AppleFSCompression
0x0000000001c03000 	/System/Library/PrivateFrameworks/SpeechRecognitionCore.framework/Versions/A/SpeechRecognitionCore
0x0000000001c03000 	/System/Library/CoreServices/Encodings/libSimplifiedChineseConverter.dylib
0x000000010fa00000 	/Library/Java/JavaVirtualMachines/jdk1.8.0_161.jdk/Contents/Home/jre/lib/server/libjvm.dylib
0x0000000001c03000 	/usr/lib/libstdc++.6.0.9.dylib
0x000000010f180000 	/Library/Java/JavaVirtualMachines/jdk1.8.0_161.jdk/Contents/Home/jre/lib/libverify.dylib
0x000000010f18e000 	/Library/Java/JavaVirtualMachines/jdk1.8.0_161.jdk/Contents/Home/jre/lib/libjava.dylib
0x000000010f1ce000 	/Library/Java/JavaVirtualMachines/jdk1.8.0_161.jdk/Contents/Home/jre/lib/libzip.dylib
0x000000011e709000 	/Library/Java/JavaVirtualMachines/jdk1.8.0_161.jdk/Contents/Home/jre/lib/libnet.dylib
0x000000011e768000 	/Library/Java/JavaVirtualMachines/jdk1.8.0_161.jdk/Contents/Home/jre/lib/libnio.dylib
0x000000011f2f0000 	/Library/Java/JavaVirtualMachines/jdk1.8.0_161.jdk/Contents/Home/jre/lib/libmanagement.dylib
0x000000011e7d0000 	/private/var/folders/20/r40c_w9900xc9499k65v_f3h0000gn/T/jna-94755854/jna7742248123519697198.tmp
0x0000000001c03000 	/System/Library/Frameworks/JavaVM.framework/Versions/A/JavaVM
0x0000000001c03000 	/System/Library/PrivateFrameworks/JavaLaunching.framework/Versions/A/JavaLaunching
0x0000000001c03000 	/System/Library/Frameworks/Carbon.framework/Versions/A/Carbon
0x0000000001c03000 	/System/Library/Frameworks/Carbon.framework/Versions/A/Frameworks/CommonPanels.framework/Versions/A/CommonPanels
0x0000000001c03000 	/System/Library/Frameworks/Carbon.framework/Versions/A/Frameworks/Help.framework/Versions/A/Help
0x0000000001c03000 	/System/Library/Frameworks/Carbon.framework/Versions/A/Frameworks/ImageCapture.framework/Versions/A/ImageCapture
0x0000000001c03000 	/System/Library/Frameworks/Carbon.framework/Versions/A/Frameworks/OpenScripting.framework/Versions/A/OpenScripting
0x0000000001c03000 	/System/Library/Frameworks/Carbon.framework/Versions/A/Frameworks/Print.framework/Versions/A/Print
0x0000000001c03000 	/System/Library/Frameworks/Carbon.framework/Versions/A/Frameworks/SecurityHI.framework/Versions/A/SecurityHI
0x000000011eb34000 	/Library/Java/JavaVirtualMachines/jdk1.8.0_161.jdk/Contents/Home/jre/lib/libsunec.dylib

VM Arguments:
jvm_args: -Xms1024m -Xmx1024m -XX:ReservedCodeCacheSize=128m -XX:MaxMetaspaceSize=256m 
java_command: /opt/sbt-0.13.15/bin/sbt-launch.jar
java_class_path (initial): /opt/sbt-0.13.15/bin/sbt-launch.jar
Launcher Type: SUN_STANDARD

Environment Variables:
CLASSPATH=.
PATH=/usr/local/bin:/usr/bin:/bin:/usr/sbin:/sbin:/opt/redis-4.0.8/src:/opt/mongodb-3.4.4/bin:/opt/spark-2.0.0/bin
SHELL=/bin/zsh

Signal Handlers:
SIGSEGV: [libjvm.dylib+0x5b5439], sa_mask[0]=11111111011111110111111111111111, sa_flags=SA_ONSTACK|SA_RESTART|SA_SIGINFO
SIGBUS: [libjvm.dylib+0x5b5439], sa_mask[0]=11111111011111110111111111111111, sa_flags=SA_RESTART|SA_SIGINFO
SIGFPE: [libjvm.dylib+0x48ae24], sa_mask[0]=11111111011111110111111111111111, sa_flags=SA_RESTART|SA_SIGINFO
SIGPIPE: [libjvm.dylib+0x48ae24], sa_mask[0]=11111111011111110111111111111111, sa_flags=SA_RESTART|SA_SIGINFO
SIGXFSZ: [libjvm.dylib+0x48ae24], sa_mask[0]=11111111011111110111111111111111, sa_flags=SA_RESTART|SA_SIGINFO
SIGILL: [libjvm.dylib+0x48ae24], sa_mask[0]=11111111011111110111111111111111, sa_flags=SA_RESTART|SA_SIGINFO
SIGUSR1: SIG_DFL, sa_mask[0]=00000000000000000000000000000000, sa_flags=SA_RESTART
SIGUSR2: [libjvm.dylib+0x48a942], sa_mask[0]=00000000000000000000000000000000, sa_flags=SA_RESTART|SA_SIGINFO
SIGHUP: [libjvm.dylib+0x488f0d], sa_mask[0]=11111111011111110111111111111111, sa_flags=SA_RESTART|SA_SIGINFO
SIGINT: [libjvm.dylib+0x488f0d], sa_mask[0]=11111111011111110111111111111111, sa_flags=SA_RESTART|SA_SIGINFO
SIGTERM: [libjvm.dylib+0x488f0d], sa_mask[0]=11111111011111110111111111111111, sa_flags=SA_RESTART|SA_SIGINFO
SIGQUIT: [libjvm.dylib+0x488f0d], sa_mask[0]=11111111011111110111111111111111, sa_flags=SA_RESTART|SA_SIGINFO


---------------  S Y S T E M  ---------------

OS:Bsduname:Darwin 17.7.0 Darwin Kernel Version 17.7.0: Thu Jun 21 22:53:14 PDT 2018; root:xnu-4570.71.2~1/RELEASE_X86_64 x86_64
rlimit: STACK 8192k, CORE 0k, NPROC 1418, NOFILE 10240, AS infinity
load average:7.28 6.17 5.50

CPU:total 4 (initial active 4) (2 cores per cpu, 2 threads per core) family 6 model 142 stepping 9, cmov, cx8, fxsr, mmx, sse, sse2, sse3, ssse3, sse4.1, sse4.2, popcnt, avx, avx2, aes, clmul, erms, 3dnowpref, lzcnt, ht, tsc, tscinvbit, bmi1, bmi2, adx

Memory: 4k page, physical 16777216k(463560k free)

/proc/meminfo:


vm_info: Java HotSpot(TM) 64-Bit Server VM (25.161-b12) for bsd-amd64 JRE (1.8.0_161-b12), built on Dec 19 2017 16:22:20 by "java_re" with gcc 4.2.1 (Based on Apple Inc. build 5658) (LLVM build 2336.11.00)

time: Tue Oct  9 12:19:34 2018
elapsed time: 800 seconds (0d 0h 13m 20s)

