14:56:05.183 INFO  s.m.l.Main$ - Starting server in /Users/clock/workSpace/Pharbers/micro-service-module/findBindTeacherStudentTimePaper
14:56:05.202 INFO  s.m.l.Main$ - Classpath: /Users/clock/.atom/packages/ide-scala/coursier
14:56:07.202 INFO  s.m.l.Formatter$ - Classloading scalafmt with 28 downloaded jars
14:56:07.874 INFO  s.m.l.ScalametaLanguageServer - Initialized with /Users/clock/workSpace/Pharbers/micro-service-module/findBindTeacherStudentTimePaper, InitializeParams(2880,/Users/clock/workSpace/Pharbers/micro-service-module/findBindTeacherStudentTimePaper/,ClientCapabilities())
14:56:08.092 ERROR l.c.LanguageServer$$anon$1 - Invalid Notification: List((,List(JsonValidationError(List(notification parameters must be given),WrappedArray())))) - Message: JsonRpcNotificationMessage(initialized,NoParams)
14:56:08.119 INFO  s.m.l.p.DocumentHighlightProvider$ - Document highlight in Uri(file:///Users/clock/workSpace/Pharbers/micro-service-module/findBindTeacherStudentTimePaper/app/services/findBindTeacherStudentTimePaper.scala)
14:56:08.120 INFO  s.m.l.s.InMemorySymbolIndex - resolveName at Uri(file:///Users/clock/workSpace/Pharbers/micro-service-module/findBindTeacherStudentTimePaper/app/services/findBindTeacherStudentTimePaper.scala):0:0
14:56:08.133 INFO  s.m.l.p.DocumentHighlightProvider$ - Document highlight in Uri(file:///Users/clock/workSpace/Pharbers/micro-service-module/findBindTeacherStudentTimePaper/app/services/findBindTeacherStudentTimePaper.scala)
14:56:08.134 INFO  s.m.l.s.InMemorySymbolIndex - resolveName at Uri(file:///Users/clock/workSpace/Pharbers/micro-service-module/findBindTeacherStudentTimePaper/app/services/findBindTeacherStudentTimePaper.scala):0:0
14:56:08.138 INFO  s.m.l.p.DocumentHighlightProvider$ - Document highlight in Uri(file:///Users/clock/workSpace/Pharbers/micro-service-module/findBindTeacherStudentTimePaper/app/services/findBindTeacherStudentTimePaper.scala)
14:56:08.248 INFO  s.m.l.s.InMemorySymbolIndex - resolveName at Uri(file:///Users/clock/workSpace/Pharbers/micro-service-module/findBindTeacherStudentTimePaper/app/services/findBindTeacherStudentTimePaper.scala):37:34
14:56:08.259 INFO  s.m.l.p.DocumentHighlightProvider$ - Document highlight in Uri(file:///Users/clock/workSpace/Pharbers/micro-service-module/findBindTeacherStudentTimePaper/app/services/findBindTeacherStudentTimePaper.scala)
14:56:08.260 INFO  s.m.l.s.InMemorySymbolIndex - resolveName at Uri(file:///Users/clock/workSpace/Pharbers/micro-service-module/findBindTeacherStudentTimePaper/app/services/findBindTeacherStudentTimePaper.scala):38:13
14:56:08.261 INFO  s.m.l.p.DocumentHighlightProvider$ - Document highlight in Uri(file:///Users/clock/workSpace/Pharbers/micro-service-module/findBindTeacherStudentTimePaper/app/services/findBindTeacherStudentTimePaper.scala)
14:56:08.262 INFO  s.m.l.s.InMemorySymbolIndex - resolveName at Uri(file:///Users/clock/workSpace/Pharbers/micro-service-module/findBindTeacherStudentTimePaper/app/services/findBindTeacherStudentTimePaper.scala):37:82
14:56:08.272 INFO  s.m.l.ScalametaLanguageServer - completion
14:56:08.273 INFO  s.m.l.ScalametaLanguageServer - completion
14:56:08.284 INFO  s.m.l.ScalametaLanguageServer - completion
14:56:09.103 INFO  s.m.l.ScalametaLanguageServer - completion
14:56:09.662 INFO  s.m.l.ScalametaLanguageServer - completion
14:56:10.100 INFO  s.m.l.ScalametaLanguageServer - completion
14:56:10.468 INFO  s.m.l.ScalametaLanguageServer - completion
14:56:10.543 INFO  s.m.l.ScalametaLanguageServer - completion
14:56:10.900 INFO  s.m.l.ScalametaLanguageServer - completion
14:56:12.685 INFO  s.m.l.ScalametaLanguageServer - completion
14:56:13.853 INFO  s.m.l.ScalametaLanguageServer - completion
14:56:17.481 INFO  s.m.l.p.DocumentHighlightProvider$ - Document highlight in Uri(file:///Users/clock/workSpace/Pharbers/micro-service-module/findBindTeacherStudentTimePaper/app/services/findBindTeacherStudentTimePaper.scala)
14:56:17.483 INFO  s.m.l.s.InMemorySymbolIndex - resolveName at Uri(file:///Users/clock/workSpace/Pharbers/micro-service-module/findBindTeacherStudentTimePaper/app/services/findBindTeacherStudentTimePaper.scala):38:21
14:56:22.700 INFO  s.m.l.ScalametaLanguageServer - completion
14:56:22.845 INFO  s.m.l.ScalametaLanguageServer - completion
14:56:23.015 INFO  s.m.l.ScalametaLanguageServer - completion
14:56:28.335 INFO  s.m.l.p.DocumentHighlightProvider$ - Document highlight in Uri(file:///Users/clock/workSpace/Pharbers/micro-service-module/findBindTeacherStudentTimePaper/app/services/findBindTeacherStudentTimePaper.scala)
14:56:28.337 INFO  s.m.l.s.InMemorySymbolIndex - resolveName at Uri(file:///Users/clock/workSpace/Pharbers/micro-service-module/findBindTeacherStudentTimePaper/app/services/findBindTeacherStudentTimePaper.scala):38:20
14:56:28.984 INFO  s.m.l.ScalametaLanguageServer - completion
14:56:29.756 INFO  s.m.l.ScalametaLanguageServer - completion
14:56:31.173 INFO  s.m.l.ScalametaLanguageServer - completion
14:56:31.694 INFO  s.m.l.ScalametaLanguageServer - completion
14:56:31.998 INFO  s.m.l.ScalametaLanguageServer - completion
14:56:32.646 INFO  s.m.l.ScalametaLanguageServer - completion
14:56:32.814 INFO  s.m.l.ScalametaLanguageServer - completion
14:56:32.941 INFO  s.m.l.ScalametaLanguageServer - completion
14:56:33.126 INFO  s.m.l.ScalametaLanguageServer - completion
14:56:33.449 INFO  s.m.l.ScalametaLanguageServer - completion
14:56:33.539 INFO  s.m.l.ScalametaLanguageServer - completion
14:56:33.789 INFO  s.m.l.ScalametaLanguageServer - completion
14:56:34.120 INFO  s.m.l.ScalametaLanguageServer - completion
14:56:34.231 INFO  s.m.l.ScalametaLanguageServer - completion
14:56:34.391 INFO  s.m.l.ScalametaLanguageServer - completion
14:56:39.230 INFO  s.m.l.ScalametaLanguageServer - completion
14:56:40.879 INFO  s.m.l.ScalametaLanguageServer - completion
14:56:40.964 INFO  s.m.l.ScalametaLanguageServer - completion
14:56:41.109 INFO  s.m.l.ScalametaLanguageServer - completion
14:56:41.389 INFO  s.m.l.ScalametaLanguageServer - completion
14:56:42.253 INFO  s.m.l.s.InMemorySymbolIndex - resolveName at Uri(file:///Users/clock/workSpace/Pharbers/micro-service-module/findBindTeacherStudentTimePaper/app/services/findBindTeacherStudentTimePaper.scala):37:28
14:56:42.833 INFO  s.m.l.ScalametaLanguageServer - completion
14:56:42.988 INFO  s.m.l.ScalametaLanguageServer - completion
14:56:43.179 INFO  s.m.l.ScalametaLanguageServer - completion
14:56:44.981 INFO  s.m.l.ScalametaLanguageServer - completion
14:56:45.453 INFO  s.m.l.s.InMemorySymbolIndex - resolveName at Uri(file:///Users/clock/workSpace/Pharbers/micro-service-module/findBindTeacherStudentTimePaper/app/services/findBindTeacherStudentTimePaper.scala):37:28
14:56:45.956 ERROR l.c.LanguageServer$$anon$1 - Invalid Notification: List((,List(JsonValidationError(List(unknown method textDocument/willSave),WrappedArray())))) - Message: JsonRpcNotificationMessage(textDocument/willSave,ObjectParams({"textDocument":{"uri":"file:///Users/clock/workSpace/Pharbers/micro-service-module/findBindTeacherStudentTimePaper/app/services/findBindTeacherStudentTimePaper.scala"},"reason":1}))
14:56:45.969 DEBUG s.m.l.ScalametaLanguageServer - saveTextDocument TextDocumentIdentifier(file:///Users/clock/workSpace/Pharbers/micro-service-module/findBindTeacherStudentTimePaper/app/services/findBindTeacherStudentTimePaper.scala)
14:56:47.481 INFO  s.m.l.p.DocumentHighlightProvider$ - Document highlight in Uri(file:///Users/clock/workSpace/Pharbers/micro-service-module/findBindTeacherStudentTimePaper/app/services/findBindTeacherStudentTimePaper.scala)
14:56:47.481 INFO  s.m.l.s.InMemorySymbolIndex - resolveName at Uri(file:///Users/clock/workSpace/Pharbers/micro-service-module/findBindTeacherStudentTimePaper/app/services/findBindTeacherStudentTimePaper.scala):38:37
14:56:47.748 INFO  s.m.l.p.DocumentHighlightProvider$ - Document highlight in Uri(file:///Users/clock/workSpace/Pharbers/micro-service-module/findBindTeacherStudentTimePaper/app/services/findBindTeacherStudentTimePaper.scala)
14:56:47.749 INFO  s.m.l.s.InMemorySymbolIndex - resolveName at Uri(file:///Users/clock/workSpace/Pharbers/micro-service-module/findBindTeacherStudentTimePaper/app/services/findBindTeacherStudentTimePaper.scala):49:52
14:59:14.172 INFO  s.m.l.ScalametaLanguageServer - Shutting down...
14:59:14.301 DEBUG s.m.l.ScalametaLanguageServer - exit
